<?xml version="1.0" encoding="UTF-8"?>
<!-- Generated by org.testng.reporters.JUnitReportReporter -->
<testsuite hostname="DESKTOP-19M4C4F" failures="0" tests="2" name="test.testAnnotetion" time="0.020" errors="0" timestamp="2021-05-23T16:34:46 IST" skipped="0">
  <testcase classname="test.testAnnotetion" name="testCase1" time="0.014"/>
  <system-out/>
  <testcase classname="test.testAnnotetion" name="testCase2" time="0.006"/>
  <system-out/>
</testsuite> <!-- test.testAnnotetion -->
