<?xml version="1.0" encoding="UTF-8"?>
<!-- Generated by org.testng.reporters.JUnitReportReporter -->
<testsuite hostname="DESKTOP-9JU3N4G" failures="0" tests="1" name="PageRepo.Facebooklogin" time="31.580" errors="0" timestamp="2023-06-29T00:23:44 IST" skipped="0">
  <testcase classname="PageRepo.Facebooklogin" name="Facebook_login" time="31.580"/>
  <system-out/>
</testsuite> <!-- PageRepo.Facebooklogin -->
