<?xml version="1.0" encoding="UTF-8"?>
<!-- Generated by org.testng.reporters.JUnitReportReporter -->
<<<<<<< HEAD
<testsuite hostname="DESKTOP-3BAVB4Q" failures="0" tests="24" name="taxmann.com.Phase1.AppTest" time="249.558" errors="0" timestamp="2022-04-04T19:37:58 IST" skipped="14">
  <testcase classname="taxmann.com.Phase1.AppTest" name="loginTest" time="0.081"/>
  <system-out/>
  <testcase classname="taxmann.com.Phase1.AppTest" name="skip" time="0.878"/>
  <system-out/>
  <testcase classname="taxmann.com.Phase1.AppTest" name="latestStoryTitle" time="6.116"/>
  <system-out/>
  <testcase classname="taxmann.com.Phase1.AppTest" name="searchStory" time="19.325"/>
  <system-out>
    <![CDATA[<br>Verification failure : expected [[2021] 127 taxmann.com 630 (Agra - Trib.)[31-05-2021]] but found [[2021] 127 taxmann.com 630 (Agra - Trib.)/[2021] 189 ITD 696...]<br>
<a target="_blank" href=Mon_Apr_04_19_34_07_IST_2022.jpg><img src=Mon_Apr_04_19_34_07_IST_2022.jpg height=200 width=200></img></a>
<br>
<br>
<br>Verification failure : expected [[2021] 127 taxmann.com 506 (Mumbai - Trib.)[28-05-2021]] but found [[2021] 127 taxmann.com 506 (Mumbai - Trib.)/[2021] 191 ITD 8...]<br>
<a target="_blank" href=Mon_Apr_04_19_34_12_IST_2022.jpg><img src=Mon_Apr_04_19_34_12_IST_2022.jpg height=200 width=200></img></a>
<br>
<br>]]>
  </system-out>
  <testcase classname="taxmann.com.Phase1.AppTest" name="Income_tax" time="30.809"/>
  <system-out/>
  <testcase classname="taxmann.com.Phase1.AppTest" name="GST_page_" time="32.159"/>
=======
<testsuite hostname="DESKTOP-3BAVB4Q" failures="0" tests="18" name="taxmann.com.Phase1.AppTest" time="103.590" errors="0" timestamp="2022-04-12T15:24:07 IST" skipped="14">
  <testcase classname="taxmann.com.Phase1.AppTest" name="loginTest" time="2.902"/>
  <system-out>
    <![CDATA[<br>Verification failure : expected [https://www.taxmann.com/research] but found [https://www.taxmann.com/auth/login]<br>
<a target="_blank" href=Tue_Apr_12_15_22_26_IST_2022.jpg><img src=Tue_Apr_12_15_22_26_IST_2022.jpg height=200 width=200></img></a>
<br>
<br>]]>
  </system-out>
  <testcase classname="taxmann.com.Phase1.AppTest" name="skip" time="0.625"/>
  <system-out/>
  <testcase classname="taxmann.com.Phase1.AppTest" name="VirtualBooks" time="36.173"/>
  <system-out>
    <![CDATA[<br>Verification failure : expected [Budget Guide 2022-23 | Virtual Book] but found [Law Relating to Pre-Packaged Insolvency Resolution Process | Virtual Book]<br>
<a target="_blank" href=Tue_Apr_12_15_22_41_IST_2022.jpg><img src=Tue_Apr_12_15_22_41_IST_2022.jpg height=200 width=200></img></a>
<br>
<br>]]>
  </system-out>
  <testcase classname="taxmann.com.Phase1.AppTest" name="Virtual_Journals" time="63.890"/>
>>>>>>> deepak
  <system-out/>
  <testcase classname="taxmann.com.Phase1.AppTest" name="Opinion_page_" time="123.109"/>
  <system-out/>
  <testcase classname="taxmann.com.Phase1.AppTest" name="Editors_Pick" time="12.867"/>
  <system-out/>
  <testcase classname="taxmann.com.Phase1.AppTest" name="Most_Viewed" time="15.646"/>
  <system-out/>
  <testcase classname="taxmann.com.Phase1.AppTest" name="Company_Law" time="8.568"/>
  <system-out/>
  <testcase classname="taxmann.com.Phase1.AppTest" name="budget">
    <skipped/>
  </testcase> <!-- budget -->
  <system-out/>
  <testcase classname="taxmann.com.Phase1.AppTest" name="academy">
    <skipped/>
  </testcase> <!-- academy -->
  <system-out/>
  <testcase classname="taxmann.com.Phase1.AppTest" name="Parallel_Payment_Check">
    <skipped/>
  </testcase> <!-- Parallel_Payment_Check -->
  <system-out/>
  <testcase classname="taxmann.com.Phase1.AppTest" name="TaxCalculator">
    <skipped/>
  </testcase> <!-- TaxCalculator -->
  <system-out/>
  <testcase classname="taxmann.com.Phase1.AppTest" name="Webinars">
    <skipped/>
  </testcase> <!-- Webinars -->
  <system-out/>
  <testcase classname="taxmann.com.Phase1.AppTest" name="Virtual_Journals">
    <skipped/>
  </testcase> <!-- Virtual_Journals -->
  <system-out/>
  <testcase classname="taxmann.com.Phase1.AppTest" name="journals">
    <skipped/>
  </testcase> <!-- journals -->
  <system-out/>
  <testcase classname="taxmann.com.Phase1.AppTest" name="Practice">
    <skipped/>
  </testcase> <!-- Practice -->
  <system-out/>
<<<<<<< HEAD
  <testcase classname="taxmann.com.Phase1.AppTest" name="VirtualBooks">
    <skipped/>
  </testcase> <!-- VirtualBooks -->
  <system-out/>
  <testcase classname="taxmann.com.Phase1.AppTest" name="Social_Login">
=======
  <testcase classname="taxmann.com.Phase1.AppTest" name="Income_tax">
>>>>>>> deepak
    <skipped/>
  </testcase> <!-- Social_Login -->
  <system-out/>
  <testcase classname="taxmann.com.Phase1.AppTest" name="Bookstore">
    <skipped/>
  </testcase> <!-- Bookstore -->
  <system-out/>
  <testcase classname="taxmann.com.Phase1.AppTest" name="academy_signup">
    <skipped/>
  </testcase> <!-- academy_signup -->
  <system-out/>
  <testcase classname="taxmann.com.Phase1.AppTest" name="advisory">
    <skipped/>
  </testcase> <!-- advisory -->
  <system-out/>
  <testcase classname="taxmann.com.Phase1.AppTest" name="IncognitoMode_Check">
    <skipped/>
  </testcase> <!-- IncognitoMode_Check -->
  <system-out/>
</testsuite> <!-- taxmann.com.Phase1.AppTest -->
