<?xml version="1.0" encoding="UTF-8"?>
<!-- Generated by org.testng.reporters.JUnitReportReporter -->
<testsuite hostname="DESKTOP-9JU3N4G" failures="0" tests="4" name="PageRepo.Academy_with_enrollment" time="0.000" errors="0" timestamp="2023-04-04T00:19:25 IST" skipped="4">
  <testcase classname="PageRepo.Academy_with_enrollment" name="academy_testing" time="0.000">
    <skipped/>
  </testcase> <!-- academy_testing -->
  <system-out/>
  <testcase classname="PageRepo.Academy_with_enrollment" name="academy_dashboard" time="0.000">
    <skipped/>
  </testcase> <!-- academy_dashboard -->
  <system-out/>
  <testcase classname="PageRepo.Academy_with_enrollment" name="Document_download" time="0.000">
    <skipped/>
  </testcase> <!-- Document_download -->
  <system-out/>
  <testcase classname="PageRepo.Academy_with_enrollment" name="course_schedule_upcoming" time="0.000">
    <skipped/>
  </testcase> <!-- course_schedule_upcoming -->
  <system-out/>
</testsuite> <!-- PageRepo.Academy_with_enrollment -->
