<?xml version="1.0" encoding="UTF-8"?>
<!-- Generated by org.testng.reporters.JUnitReportReporter -->
<testsuite hostname="LAPTOP-MM9TAQBF" failures="0" tests="2" name="PageRepo.Academy_signup" time="3625.486" errors="0" timestamp="2022-10-19T19:26:04 IST" skipped="0">
  <testcase classname="PageRepo.Academy_signup" name="academy_sign" time="3621.391"/>
  <system-out/>
  <testcase classname="PageRepo.Academy_signup" name="buy_Academy_Course" time="4.095"/>
  <system-out/>
</testsuite> <!-- PageRepo.Academy_signup -->
