<?xml version="1.0" encoding="UTF-8"?>
<!-- Generated by org.testng.reporters.JUnitReportReporter -->
<testsuite hostname="LAPTOP-MM9TAQBF" failures="0" tests="1" name="PageRepo.footnote_count" time="7.550" errors="0" timestamp="2022-09-27T16:43:02 IST" skipped="0">
  <testcase classname="PageRepo.footnote_count" name="references_count" time="7.550"/>
  <system-out/>
</testsuite> <!-- PageRepo.footnote_count -->
