<?xml version="1.0" encoding="UTF-8"?>
<!-- Generated by org.testng.reporters.JUnitReportReporter -->
<testsuite hostname="DESKTOP-9JU3N4G" failures="0" tests="1" name="PageRepo.Facebooklogin" time="32.964" errors="0" timestamp="2023-06-29T01:02:16 IST" skipped="0">
  <testcase classname="PageRepo.Facebooklogin" name="Facebook_login" time="32.964"/>
  <system-out/>
</testsuite> <!-- PageRepo.Facebooklogin -->
